2021-06-22 18:45:02,579 INFO o.a.j.u.JMeterUtils: Setting Locale to en_EN
2021-06-22 18:45:02,606 INFO o.a.j.JMeter: Loading user properties from: /usr/local/Cellar/jmeter/5.4.1/libexec/bin/user.properties
2021-06-22 18:45:02,607 INFO o.a.j.JMeter: Loading system properties from: /usr/local/Cellar/jmeter/5.4.1/libexec/bin/system.properties
2021-06-22 18:45:02,614 INFO o.a.j.JMeter: Copyright (c) 1998-2021 The Apache Software Foundation
2021-06-22 18:45:02,614 INFO o.a.j.JMeter: Version 5.4.1
2021-06-22 18:45:02,614 INFO o.a.j.JMeter: java.version=16.0.1
2021-06-22 18:45:02,614 INFO o.a.j.JMeter: java.vm.name=OpenJDK 64-Bit Server VM
2021-06-22 18:45:02,615 INFO o.a.j.JMeter: os.name=Mac OS X
2021-06-22 18:45:02,615 INFO o.a.j.JMeter: os.arch=x86_64
2021-06-22 18:45:02,615 INFO o.a.j.JMeter: os.version=11.4
2021-06-22 18:45:02,615 INFO o.a.j.JMeter: file.encoding=UTF-8
2021-06-22 18:45:02,615 INFO o.a.j.JMeter: java.awt.headless=null
2021-06-22 18:45:02,615 INFO o.a.j.JMeter: Max memory     =1073741824
2021-06-22 18:45:02,615 INFO o.a.j.JMeter: Available Processors =12
2021-06-22 18:45:02,624 INFO o.a.j.JMeter: Default Locale=English (EN)
2021-06-22 18:45:02,624 INFO o.a.j.JMeter: JMeter  Locale=English (EN)
2021-06-22 18:45:02,624 INFO o.a.j.JMeter: JMeterHome=/usr/local/Cellar/jmeter/5.4.1/libexec
2021-06-22 18:45:02,624 INFO o.a.j.JMeter: user.dir  =/Users/vkumar167/Documents/Java-Practice/TestProject/SQEDemoChallengeUI
2021-06-22 18:45:02,624 INFO o.a.j.JMeter: PWD       =/Users/vkumar167/Documents/Java-Practice/TestProject/SQEDemoChallengeUI
2021-06-22 18:45:02,625 INFO o.a.j.JMeter: IP: 127.0.0.1 Name: vkumar167-C02YF6HLJG5J FullName: localhost
2021-06-22 18:45:05,894 INFO o.a.j.JMeter: Setting LAF to: laf:javax.swing.plaf.metal.MetalLookAndFeel
2021-06-22 18:45:07,563 INFO o.a.j.JMeter: Loaded icon properties from org/apache/jmeter/images/icon.properties
2021-06-22 18:45:09,109 INFO o.j.r.JARSourceHTTP: Requesting https://jmeter-plugins.org/repo/?installID=mac_os_x-c5378da22766006f25b1a86bf2da9fe2-gui
2021-06-22 18:45:12,137 INFO o.j.r.PluginManager: Plugins Status: [jpgc-plugins-manager=1.6, jmeter-core=5.4.1, jmeter-ftp=5.4.1, jmeter-http=5.4.1, jmeter-jdbc=5.4.1, jmeter-jms=5.4.1, jmeter-junit=5.4.1, jmeter-java=5.4.1, jmeter-ldap=5.4.1, jmeter-mail=5.4.1, jmeter-mongodb=5.4.1, jmeter-native=5.4.1, jmeter-tcp=5.4.1, jmeter-components=5.4.1]
2021-06-22 18:45:21,174 INFO o.a.j.s.FileServer: Default base='/Users/vkumar167/Documents/Java-Practice/TestProject/SQEDemoChallengeUI'
2021-06-22 18:45:21,176 INFO o.a.j.g.a.Load: Loading file: /Users/vkumar167/Documents/Jmeter/Test Plan1.jmx
2021-06-22 18:45:21,177 INFO o.a.j.s.FileServer: Set new base='/Users/vkumar167/Documents/Jmeter'
2021-06-22 18:45:21,314 INFO o.a.j.s.SaveService: Testplan (JMX) version: 2.2. Testlog (JTL) version: 2.2
2021-06-22 18:45:21,320 INFO o.a.j.s.SaveService: Using SaveService properties version 5.0
2021-06-22 18:45:21,321 INFO o.a.j.s.SaveService: Using SaveService properties file encoding UTF-8
2021-06-22 18:45:21,322 INFO o.a.j.s.SaveService: Loading file: /Users/vkumar167/Documents/Jmeter/Test Plan1.jmx
2021-06-22 18:45:21,406 INFO o.a.j.p.h.s.HTTPSamplerBase: Parser for text/html is org.apache.jmeter.protocol.http.parser.LagartoBasedHtmlParser
2021-06-22 18:45:21,406 INFO o.a.j.p.h.s.HTTPSamplerBase: Parser for application/xhtml+xml is org.apache.jmeter.protocol.http.parser.LagartoBasedHtmlParser
2021-06-22 18:45:21,406 INFO o.a.j.p.h.s.HTTPSamplerBase: Parser for application/xml is org.apache.jmeter.protocol.http.parser.LagartoBasedHtmlParser
2021-06-22 18:45:21,406 INFO o.a.j.p.h.s.HTTPSamplerBase: Parser for text/xml is org.apache.jmeter.protocol.http.parser.LagartoBasedHtmlParser
2021-06-22 18:45:21,407 INFO o.a.j.p.h.s.HTTPSamplerBase: Parser for text/vnd.wap.wml is org.apache.jmeter.protocol.http.parser.RegexpHTMLParser
2021-06-22 18:45:21,407 INFO o.a.j.p.h.s.HTTPSamplerBase: Parser for text/css is org.apache.jmeter.protocol.http.parser.CssParser
2021-06-22 18:45:21,479 INFO o.a.j.s.FileServer: Set new base='/Users/vkumar167/Documents/Jmeter'
2021-06-22 18:46:02,420 INFO o.a.j.p.h.g.a.ParseCurlCommandAction: Parsed CURL command curl -X POST http://localhost:5436/ -d '{"origin_lat":17.440279,"origin_lng":78.453501,"destination_lat":17.2172886,"destination_lng":78.52850529999999,"ufp_vehicle_view_ids":[1456],"dynamic_fare_info":[{"vehicle_view_id":1456,"multiplier":1,"originalSurgeMultiplier":0,"is_sobriety":false}],"language":"en_GB","city_id":245,"source":"fares-tests","device":"iphone","request_at":1556987955}' -H 'Content-Type: application/json' -H 'x-uber-uuid: 6c0ae2f3-a9cf-4ec7-b411-5e21fc244864' -H 'x-uber-source: studio' -H 'rpc-procedure: Ride::estimate' -H 'rpc-caller: hailstorm' -H 'rpc-service: wayfare-rides-staging' -H 'Context-TTL-Ms: 10000' -H 'RPC-Encoding: json' into Request [compressed=false, url=http://localhost:5436/, method=POST, headers=[(Content-Type,application/json), (x-uber-uuid,6c0ae2f3-a9cf-4ec7-b411-5e21fc244864), (x-uber-source,studio), (rpc-procedure,Ride::estimate), (rpc-caller,hailstorm), (rpc-service,wayfare-rides-staging), (Context-TTL-Ms,10000), (RPC-Encoding,json)]]
2021-06-22 18:46:02,421 INFO o.a.j.p.h.g.a.ParseCurlCommandAction: Newly created element will be placed under first AbstractThreadGroup node Thread Group
2021-06-22 18:46:50,948 INFO o.a.j.e.StandardJMeterEngine: Running the test!
2021-06-22 18:46:50,949 INFO o.a.j.s.SampleEvent: List of sample_variables: []
2021-06-22 18:46:50,949 INFO o.a.j.s.SampleEvent: List of sample_variables: []
2021-06-22 18:46:50,950 INFO o.a.j.e.u.CompoundVariable: Note: Function class names must contain the string: '.functions.'
2021-06-22 18:46:50,950 INFO o.a.j.e.u.CompoundVariable: Note: Function class names must not contain the string: '.gui.'
2021-06-22 18:46:50,983 INFO o.a.j.g.u.JMeterMenuBar: setRunning(true, *local*)
2021-06-22 18:46:51,035 INFO o.a.j.e.StandardJMeterEngine: Starting ThreadGroup: 1 : Thread Group
2021-06-22 18:46:51,035 INFO o.a.j.e.StandardJMeterEngine: Starting 1 threads for group Thread Group.
2021-06-22 18:46:51,035 INFO o.a.j.e.StandardJMeterEngine: Thread will continue on error
2021-06-22 18:46:51,035 INFO o.a.j.t.ThreadGroup: Starting thread group... number=1 threads=1 ramp-up=1 delayedStart=false
2021-06-22 18:46:51,037 INFO o.a.j.t.ThreadGroup: Started thread group number 1
2021-06-22 18:46:51,037 INFO o.a.j.e.StandardJMeterEngine: All thread groups have been started
2021-06-22 18:46:51,038 INFO o.a.j.t.JMeterThread: Thread started: Thread Group 1-1
2021-06-22 18:46:51,046 INFO o.a.j.p.h.s.HTTPHCAbstractImpl: Local host = vkumar167-C02YF6HLJG5J
2021-06-22 18:46:51,053 INFO o.a.j.p.h.s.HTTPHC4Impl: HTTP request retry count = 0
2021-06-22 18:46:51,054 INFO o.a.j.s.SampleResult: Note: Sample TimeStamps are START times
2021-06-22 18:46:51,054 INFO o.a.j.s.SampleResult: sampleresult.default.encoding is set to ISO-8859-1
2021-06-22 18:46:51,054 INFO o.a.j.s.SampleResult: sampleresult.useNanoTime=true
2021-06-22 18:46:51,054 INFO o.a.j.s.SampleResult: sampleresult.nanoThreadSleep=5000
2021-06-22 18:46:52,109 INFO o.a.j.t.JMeterThread: Thread is done: Thread Group 1-1
2021-06-22 18:46:52,109 INFO o.a.j.t.JMeterThread: Thread finished: Thread Group 1-1
2021-06-22 18:46:52,109 INFO o.a.j.e.StandardJMeterEngine: Notifying test listeners of end of test
2021-06-22 18:46:52,110 INFO o.a.j.g.u.JMeterMenuBar: setRunning(false, *local*)
2021-06-22 18:47:24,607 INFO o.a.j.v.ViewResultsFullVisualizer: Add JavaFX to your Java installation if you want to use renderer: org.apache.jmeter.visualizers.RenderInBrowser
2021-06-22 18:47:27,375 INFO o.a.j.e.StandardJMeterEngine: Running the test!
2021-06-22 18:47:27,376 INFO o.a.j.s.SampleEvent: List of sample_variables: []
2021-06-22 18:47:27,377 INFO o.a.j.g.u.JMeterMenuBar: setRunning(true, *local*)
2021-06-22 18:47:27,414 INFO o.a.j.e.StandardJMeterEngine: Starting ThreadGroup: 1 : Thread Group
2021-06-22 18:47:27,414 INFO o.a.j.e.StandardJMeterEngine: Starting 1 threads for group Thread Group.
2021-06-22 18:47:27,414 INFO o.a.j.e.StandardJMeterEngine: Thread will continue on error
2021-06-22 18:47:27,414 INFO o.a.j.t.ThreadGroup: Starting thread group... number=1 threads=1 ramp-up=1 delayedStart=false
2021-06-22 18:47:27,414 INFO o.a.j.t.ThreadGroup: Started thread group number 1
2021-06-22 18:47:27,414 INFO o.a.j.e.StandardJMeterEngine: All thread groups have been started
2021-06-22 18:47:27,415 INFO o.a.j.t.JMeterThread: Thread started: Thread Group 1-1
2021-06-22 18:47:28,419 INFO o.a.j.t.JMeterThread: Thread is done: Thread Group 1-1
2021-06-22 18:47:28,420 INFO o.a.j.t.JMeterThread: Thread finished: Thread Group 1-1
2021-06-22 18:47:28,420 INFO o.a.j.e.StandardJMeterEngine: Notifying test listeners of end of test
2021-06-22 18:47:28,420 INFO o.a.j.g.u.JMeterMenuBar: setRunning(false, *local*)
2021-06-22 18:48:32,825 INFO o.a.j.e.StandardJMeterEngine: Running the test!
2021-06-22 18:48:32,826 INFO o.a.j.s.SampleEvent: List of sample_variables: []
2021-06-22 18:48:32,827 INFO o.a.j.g.u.JMeterMenuBar: setRunning(true, *local*)
2021-06-22 18:48:32,858 INFO o.a.j.e.StandardJMeterEngine: Starting ThreadGroup: 1 : Thread Group
2021-06-22 18:48:32,858 INFO o.a.j.e.StandardJMeterEngine: Starting 1 threads for group Thread Group.
2021-06-22 18:48:32,858 INFO o.a.j.e.StandardJMeterEngine: Thread will continue on error
2021-06-22 18:48:32,858 INFO o.a.j.t.ThreadGroup: Starting thread group... number=1 threads=1 ramp-up=1 delayedStart=false
2021-06-22 18:48:32,859 INFO o.a.j.t.ThreadGroup: Started thread group number 1
2021-06-22 18:48:32,859 INFO o.a.j.e.StandardJMeterEngine: All thread groups have been started
2021-06-22 18:48:32,859 INFO o.a.j.t.JMeterThread: Thread started: Thread Group 1-1
2021-06-22 18:48:33,863 INFO o.a.j.t.JMeterThread: Thread is done: Thread Group 1-1
2021-06-22 18:48:33,864 INFO o.a.j.t.JMeterThread: Thread finished: Thread Group 1-1
2021-06-22 18:48:33,864 INFO o.a.j.e.StandardJMeterEngine: Notifying test listeners of end of test
2021-06-22 18:48:33,864 INFO o.a.j.g.u.JMeterMenuBar: setRunning(false, *local*)
2021-06-22 18:49:27,580 INFO o.a.j.e.StandardJMeterEngine: Running the test!
2021-06-22 18:49:27,580 INFO o.a.j.s.SampleEvent: List of sample_variables: []
2021-06-22 18:49:27,581 INFO o.a.j.g.u.JMeterMenuBar: setRunning(true, *local*)
2021-06-22 18:49:27,613 INFO o.a.j.e.StandardJMeterEngine: Starting ThreadGroup: 1 : Thread Group
2021-06-22 18:49:27,613 INFO o.a.j.e.StandardJMeterEngine: Starting 1 threads for group Thread Group.
2021-06-22 18:49:27,613 INFO o.a.j.e.StandardJMeterEngine: Thread will continue on error
2021-06-22 18:49:27,613 INFO o.a.j.t.ThreadGroup: Starting thread group... number=1 threads=1 ramp-up=1 delayedStart=false
2021-06-22 18:49:27,614 INFO o.a.j.t.ThreadGroup: Started thread group number 1
2021-06-22 18:49:27,615 INFO o.a.j.e.StandardJMeterEngine: All thread groups have been started
2021-06-22 18:49:27,615 INFO o.a.j.t.JMeterThread: Thread started: Thread Group 1-1
2021-06-22 18:49:29,329 INFO o.a.j.t.JMeterThread: Thread is done: Thread Group 1-1
2021-06-22 18:49:29,329 INFO o.a.j.t.JMeterThread: Thread finished: Thread Group 1-1
2021-06-22 18:49:29,329 INFO o.a.j.e.StandardJMeterEngine: Notifying test listeners of end of test
2021-06-22 18:49:29,329 INFO o.a.j.g.u.JMeterMenuBar: setRunning(false, *local*)
2021-06-22 18:50:58,376 INFO o.a.j.e.StandardJMeterEngine: Running the test!
2021-06-22 18:50:58,377 INFO o.a.j.s.SampleEvent: List of sample_variables: []
2021-06-22 18:50:58,377 INFO o.a.j.g.u.JMeterMenuBar: setRunning(true, *local*)
2021-06-22 18:50:58,411 INFO o.a.j.e.StandardJMeterEngine: Starting ThreadGroup: 1 : Thread Group
2021-06-22 18:50:58,411 INFO o.a.j.e.StandardJMeterEngine: Starting 1 threads for group Thread Group.
2021-06-22 18:50:58,411 INFO o.a.j.e.StandardJMeterEngine: Thread will continue on error
2021-06-22 18:50:58,411 INFO o.a.j.t.ThreadGroup: Starting thread group... number=1 threads=1 ramp-up=1 delayedStart=false
2021-06-22 18:50:58,412 INFO o.a.j.t.ThreadGroup: Started thread group number 1
2021-06-22 18:50:58,412 INFO o.a.j.e.StandardJMeterEngine: All thread groups have been started
2021-06-22 18:50:58,412 INFO o.a.j.t.JMeterThread: Thread started: Thread Group 1-1
2021-06-22 18:51:00,742 INFO o.a.j.t.JMeterThread: Thread is done: Thread Group 1-1
2021-06-22 18:51:00,742 INFO o.a.j.t.JMeterThread: Thread finished: Thread Group 1-1
2021-06-22 18:51:00,743 INFO o.a.j.e.StandardJMeterEngine: Notifying test listeners of end of test
2021-06-22 18:51:00,743 INFO o.a.j.g.u.JMeterMenuBar: setRunning(false, *local*)
2021-06-22 18:52:55,572 ERROR o.a.j.u.XPathUtil: Type=Val=false Tol=false. org.xml.sax.SAXParseException; lineNumber: 1; columnNumber: 1; Content is not allowed in prolog.
